(node:36796) [MONGODB DRIVER] Warning: useNewUrlParser is a deprecated option: useNewUrlParser has no effect since Node.js Driver version 4.0.0 and will be removed in the next major version
(Use `node --trace-warnings ...` to show where the warning was created)
(node:36796) [MONGODB DRIVER] Warning: useUnifiedTopology is a deprecated option: useUnifiedTopology has no effect since Node.js Driver version 4.0.0 and will be removed in the next major version
Express server is running on port 8082.
MongoDB connected
Login attempt with email: kijiramer@hotmail.fr
User found: {
  _id: new ObjectId('667abba866c1d7380fa198ab'),
  name: 'Mehdi Akounad ',
  email: 'kijiramer@hotmail.fr',
  salt: 'fb97aa9dd540a40cf4cb49a51ad9382e',
  hash: '11552e4419575ca15dd6ccc72a8e25f4c4f13cdf87469095b53bd1873b45d618c139bc29070eb9a3e78122de68761152628cbe6a8941038ee8667c3eaa9e4384',
  __v: 0
}
Comparing password: azerty
Using salt: fb97aa9dd540a40cf4cb49a51ad9382e
Expected hash: 11552e4419575ca15dd6ccc72a8e25f4c4f13cdf87469095b53bd1873b45d618c139bc29070eb9a3e78122de68761152628cbe6a8941038ee8667c3eaa9e4384
Buildings fetched successfully: [
  {
    _id: new ObjectId('672b54aa3be897daeb1999e5'),
    name: 'Batiment 104'
  },
  { _id: new ObjectId('672b54cc3be897daeb1999e6'), name: 'Battest' },
  { _id: new ObjectId('672b54613be897daeb1999e3'), name: 'Batiment C' },
  { _id: new ObjectId('669104ed1d0220beb6023c9f'), name: 'Batiment A' },
  { _id: new ObjectId('672b54803be897daeb1999e4'), name: 'Batiment D' },
  { _id: new ObjectId('669104ed1d0220beb6023ca0'), name: 'Batiment B' }
]
Notes fetched successfully: []
Buildings fetched successfully: [
  {
    _id: new ObjectId('672b54aa3be897daeb1999e5'),
    name: 'Batiment 104'
  },
  { _id: new ObjectId('672b54cc3be897daeb1999e6'), name: 'Battest' },
  { _id: new ObjectId('672b54613be897daeb1999e3'), name: 'Batiment C' },
  { _id: new ObjectId('669104ed1d0220beb6023c9f'), name: 'Batiment A' },
  { _id: new ObjectId('672b54803be897daeb1999e4'), name: 'Batiment D' },
  { _id: new ObjectId('669104ed1d0220beb6023ca0'), name: 'Batiment B' }
]
Constatations fetched successfully: []
Buildings fetched successfully: [
  {
    _id: new ObjectId('672b54aa3be897daeb1999e5'),
    name: 'Batiment 104'
  },
  { _id: new ObjectId('672b54cc3be897daeb1999e6'), name: 'Battest' },
  { _id: new ObjectId('672b54613be897daeb1999e3'), name: 'Batiment C' },
  { _id: new ObjectId('669104ed1d0220beb6023c9f'), name: 'Batiment A' },
  { _id: new ObjectId('672b54803be897daeb1999e4'), name: 'Batiment D' },
  { _id: new ObjectId('669104ed1d0220beb6023ca0'), name: 'Batiment B' }
]
Buildings fetched successfully: [
  {
    _id: new ObjectId('672b54aa3be897daeb1999e5'),
    name: 'Batiment 104'
  },
  { _id: new ObjectId('672b54cc3be897daeb1999e6'), name: 'Battest' },
  { _id: new ObjectId('672b54613be897daeb1999e3'), name: 'Batiment C' },
  { _id: new ObjectId('669104ed1d0220beb6023c9f'), name: 'Batiment A' },
  { _id: new ObjectId('672b54803be897daeb1999e4'), name: 'Batiment D' },
  { _id: new ObjectId('669104ed1d0220beb6023ca0'), name: 'Batiment B' }
]
Notes fetched successfully: []
Buildings fetched successfully: [
  {
    _id: new ObjectId('672b54aa3be897daeb1999e5'),
    name: 'Batiment 104'
  },
  { _id: new ObjectId('672b54cc3be897daeb1999e6'), name: 'Battest' },
  { _id: new ObjectId('672b54613be897daeb1999e3'), name: 'Batiment C' },
  { _id: new ObjectId('669104ed1d0220beb6023c9f'), name: 'Batiment A' },
  { _id: new ObjectId('672b54803be897daeb1999e4'), name: 'Batiment D' },
  { _id: new ObjectId('669104ed1d0220beb6023ca0'), name: 'Batiment B' }
]
Notes fetched successfully: []
Notes fetched successfully: [
  {
    _id: new ObjectId('689c8f6dc60d36fa8f27a76e'),
    city: 'Villeneuve-la-Garenne',
    building: 'Battest',
    task: 'Notes',
    floor: '1er',
    apartment: '1',
    company: 'Entreprise A',
    openTime: '',
    closedTime: '',
    selectedDate: 2025-08-15T22:00:00.000Z,
    userId: new ObjectId('667abba866c1d7380fa198ab'),
    createdAt: 2025-08-13T13:13:17.718Z,
    __v: 0
  }
]
Buildings fetched successfully: [
  {
    _id: new ObjectId('672b54aa3be897daeb1999e5'),
    name: 'Batiment 104'
  },
  { _id: new ObjectId('672b54cc3be897daeb1999e6'), name: 'Battest' },
  { _id: new ObjectId('672b54613be897daeb1999e3'), name: 'Batiment C' },
  { _id: new ObjectId('669104ed1d0220beb6023c9f'), name: 'Batiment A' },
  { _id: new ObjectId('672b54803be897daeb1999e4'), name: 'Batiment D' },
  { _id: new ObjectId('669104ed1d0220beb6023ca0'), name: 'Batiment B' }
]
Buildings fetched successfully: [
  {
    _id: new ObjectId('672b54aa3be897daeb1999e5'),
    name: 'Batiment 104'
  },
  { _id: new ObjectId('672b54cc3be897daeb1999e6'), name: 'Battest' },
  { _id: new ObjectId('672b54613be897daeb1999e3'), name: 'Batiment C' },
  { _id: new ObjectId('669104ed1d0220beb6023c9f'), name: 'Batiment A' },
  { _id: new ObjectId('672b54803be897daeb1999e4'), name: 'Batiment D' },
  { _id: new ObjectId('669104ed1d0220beb6023ca0'), name: 'Batiment B' }
]
Notes fetched successfully: []
Notes fetched successfully: [
  {
    _id: new ObjectId('68b5a799dc599c3744250b8b'),
    city: 'Villeneuve-la-Garenne',
    building: 'Battest',
    task: 'Notes',
    floor: '1er',
    apartment: '1',
    company: 'Entreprise A',
    openTime: '',
    closedTime: '',
    selectedDate: 2025-08-13T22:00:00.000Z,
    userId: new ObjectId('667abba866c1d7380fa198ab'),
    createdAt: 2025-09-01T14:03:05.773Z,
    __v: 0
  },
  {
    _id: new ObjectId('689c8f0cc60d36fa8f27a745'),
    city: 'Villeneuve-la-Garenne',
    building: 'Battest',
    task: 'Notes',
    floor: '1er',
    apartment: '1',
    company: 'Entreprise A',
    openTime: '',
    closedTime: '',
    selectedDate: 2025-08-13T22:00:00.000Z,
    userId: new ObjectId('667abba866c1d7380fa198ab'),
    createdAt: 2025-08-13T13:11:40.121Z,
    __v: 0
  }
]
Note created successfully: {
  city: 'Villeneuve-la-Garenne',
  building: 'Battest',
  task: 'Notes',
  floor: '2ème',
  apartment: '10',
  company: 'Entreprise B',
  openTime: '18:33',
  closedTime: '',
  selectedDate: 2025-08-13T22:00:00.000Z,
  userId: new ObjectId('667abba866c1d7380fa198ab'),
  _id: new ObjectId('68b5cad54c281b9912577483'),
  createdAt: 2025-09-01T16:33:25.613Z,
  __v: 0
}
Notes fetched successfully: [
  {
    _id: new ObjectId('689c8f6dc60d36fa8f27a76e'),
    city: 'Villeneuve-la-Garenne',
    building: 'Battest',
    task: 'Notes',
    floor: '1er',
    apartment: '1',
    company: 'Entreprise A',
    openTime: '',
    closedTime: '',
    selectedDate: 2025-08-15T22:00:00.000Z,
    userId: new ObjectId('667abba866c1d7380fa198ab'),
    createdAt: 2025-08-13T13:13:17.718Z,
    __v: 0
  }
]
Notes fetched successfully: [
  {
    _id: new ObjectId('689c8e53c60d36fa8f27a736'),
    city: 'Villeneuve-la-Garenne',
    building: 'Battest',
    task: 'Notes',
    floor: '1er',
    apartment: '1',
    company: 'Entreprise A',
    openTime: '',
    closedTime: '',
    selectedDate: 2025-08-13T13:08:32.381Z,
    userId: new ObjectId('667abba866c1d7380fa198ab'),
    createdAt: 2025-08-13T13:08:35.195Z,
    __v: 0
  }
]
Notes fetched successfully: [
  {
    _id: new ObjectId('68b5cad54c281b9912577483'),
    city: 'Villeneuve-la-Garenne',
    building: 'Battest',
    task: 'Notes',
    floor: '2ème',
    apartment: '10',
    company: 'Entreprise B',
    openTime: '18:33',
    closedTime: '',
    selectedDate: 2025-08-13T22:00:00.000Z,
    userId: new ObjectId('667abba866c1d7380fa198ab'),
    createdAt: 2025-09-01T16:33:25.613Z,
    __v: 0
  },
  {
    _id: new ObjectId('68b5a799dc599c3744250b8b'),
    city: 'Villeneuve-la-Garenne',
    building: 'Battest',
    task: 'Notes',
    floor: '1er',
    apartment: '1',
    company: 'Entreprise A',
    openTime: '',
    closedTime: '',
    selectedDate: 2025-08-13T22:00:00.000Z,
    userId: new ObjectId('667abba866c1d7380fa198ab'),
    createdAt: 2025-09-01T14:03:05.773Z,
    __v: 0
  },
  {
    _id: new ObjectId('689c8f0cc60d36fa8f27a745'),
    city: 'Villeneuve-la-Garenne',
    building: 'Battest',
    task: 'Notes',
    floor: '1er',
    apartment: '1',
    company: 'Entreprise A',
    openTime: '',
    closedTime: '',
    selectedDate: 2025-08-13T22:00:00.000Z,
    userId: new ObjectId('667abba866c1d7380fa198ab'),
    createdAt: 2025-08-13T13:11:40.121Z,
    __v: 0
  }
]
Notes fetched successfully: []
Constatations fetched successfully: []
Constatations fetched successfully: []
Constatation created successfully: {
  city: 'Villeneuve-la-Garenne',
  building: 'Battest',
  task: 'Constatation',
  company: 'Entreprise B',
  imageAvant: 'file:///var/mobile/Containers/Data/Application/392FC1A3-7297-4F9B-A744-67E269F5123C/Library/Caches/ExponentExperienceData/@kijiramer/applicationbtpv1/ImagePicker/107BFC77-F18D-4186-9B3B-51ECD90AB7C9.jpg',
  imageApres: 'file:///var/mobile/Containers/Data/Application/392FC1A3-7297-4F9B-A744-67E269F5123C/Library/Caches/ExponentExperienceData/@kijiramer/applicationbtpv1/ImagePicker/42A95562-0EDB-4A41-9615-EB32BBDB25CF.jpg',
  selectedDate: 2025-09-01T16:34:33.810Z,
  userId: new ObjectId('667abba866c1d7380fa198ab'),
  _id: new ObjectId('68b5cb364c281b9912577494'),
  createdAt: 2025-09-01T16:35:02.061Z,
  __v: 0
}
Buildings fetched successfully: [
  {
    _id: new ObjectId('672b54aa3be897daeb1999e5'),
    name: 'Batiment 104'
  },
  { _id: new ObjectId('672b54cc3be897daeb1999e6'), name: 'Battest' },
  { _id: new ObjectId('672b54613be897daeb1999e3'), name: 'Batiment C' },
  { _id: new ObjectId('669104ed1d0220beb6023c9f'), name: 'Batiment A' },
  { _id: new ObjectId('672b54803be897daeb1999e4'), name: 'Batiment D' },
  { _id: new ObjectId('669104ed1d0220beb6023ca0'), name: 'Batiment B' }
]
Constatations fetched successfully: []
Buildings fetched successfully: [
  {
    _id: new ObjectId('672b54aa3be897daeb1999e5'),
    name: 'Batiment 104'
  },
  { _id: new ObjectId('672b54cc3be897daeb1999e6'), name: 'Battest' },
  { _id: new ObjectId('672b54613be897daeb1999e3'), name: 'Batiment C' },
  { _id: new ObjectId('669104ed1d0220beb6023c9f'), name: 'Batiment A' },
  { _id: new ObjectId('672b54803be897daeb1999e4'), name: 'Batiment D' },
  { _id: new ObjectId('669104ed1d0220beb6023ca0'), name: 'Batiment B' }
]
Buildings fetched successfully: [
  {
    _id: new ObjectId('672b54aa3be897daeb1999e5'),
    name: 'Batiment 104'
  },
  { _id: new ObjectId('672b54cc3be897daeb1999e6'), name: 'Battest' },
  { _id: new ObjectId('672b54613be897daeb1999e3'), name: 'Batiment C' },
  { _id: new ObjectId('669104ed1d0220beb6023c9f'), name: 'Batiment A' },
  { _id: new ObjectId('672b54803be897daeb1999e4'), name: 'Batiment D' },
  { _id: new ObjectId('669104ed1d0220beb6023ca0'), name: 'Batiment B' }
]
Notes fetched successfully: [
  {
    _id: new ObjectId('68b5c4350c872da1085797c5'),
    city: 'Montfermeil',
    building: 'Batiment 104',
    task: 'Notes',
    floor: '1er',
    apartment: '1',
    company: 'Entreprise B',
    openTime: '',
    closedTime: '18:05',
    selectedDate: 2025-09-01T16:05:06.837Z,
    userId: new ObjectId('667abba866c1d7380fa198ab'),
    createdAt: 2025-09-01T16:05:09.824Z,
    __v: 0
  }
]
Notes fetched successfully: [
  {
    _id: new ObjectId('68b5c4350c872da1085797c5'),
    city: 'Montfermeil',
    building: 'Batiment 104',
    task: 'Notes',
    floor: '1er',
    apartment: '1',
    company: 'Entreprise B',
    openTime: '',
    closedTime: '18:05',
    selectedDate: 2025-09-01T16:05:06.837Z,
    userId: new ObjectId('667abba866c1d7380fa198ab'),
    createdAt: 2025-09-01T16:05:09.824Z,
    __v: 0
  }
]
Notes fetched successfully: []
Notes fetched successfully: [
  {
    _id: new ObjectId('68b5c4350c872da1085797c5'),
    city: 'Montfermeil',
    building: 'Batiment 104',
    task: 'Notes',
    floor: '1er',
    apartment: '1',
    company: 'Entreprise B',
    openTime: '',
    closedTime: '18:05',
    selectedDate: 2025-09-01T16:05:06.837Z,
    userId: new ObjectId('667abba866c1d7380fa198ab'),
    createdAt: 2025-09-01T16:05:09.824Z,
    __v: 0
  }
]
Note created successfully: {
  city: 'Montfermeil',
  building: 'Batiment 104',
  task: 'Notes',
  floor: '1er',
  apartment: '1',
  company: 'Entreprise A',
  openTime: '18:47',
  closedTime: '',
  selectedDate: 2025-08-31T22:00:00.000Z,
  userId: new ObjectId('667abba866c1d7380fa198ab'),
  _id: new ObjectId('68b5ce0d4c281b99125774a6'),
  createdAt: 2025-09-01T16:47:09.277Z,
  __v: 0
}
Constatations fetched successfully: [
  {
    _id: new ObjectId('68b5c4430c872da1085797cc'),
    city: 'Montfermeil',
    building: 'Batiment 104',
    task: 'Constatation',
    company: 'Entreprise A',
    imageAvant: 'file:///var/mobile/Containers/Data/Application/392FC1A3-7297-4F9B-A744-67E269F5123C/Library/Caches/ExponentExperienceData/@kijiramer/applicationbtpv1/ImagePicker/EA95B7DB-A146-416A-A8D7-D830D8133CC1.jpg',
    imageApres: 'file:///var/mobile/Containers/Data/Application/392FC1A3-7297-4F9B-A744-67E269F5123C/Library/Caches/ExponentExperienceData/@kijiramer/applicationbtpv1/ImagePicker/D59A2F22-635C-427A-AE1B-F6C4C87CCCA1.jpg',
    selectedDate: 2025-09-01T16:05:13.018Z,
    userId: new ObjectId('667abba866c1d7380fa198ab'),
    createdAt: 2025-09-01T16:05:23.221Z,
    __v: 0
  }
]
Constatations fetched successfully: [
  {
    _id: new ObjectId('68b5c4430c872da1085797cc'),
    city: 'Montfermeil',
    building: 'Batiment 104',
    task: 'Constatation',
    company: 'Entreprise A',
    imageAvant: 'file:///var/mobile/Containers/Data/Application/392FC1A3-7297-4F9B-A744-67E269F5123C/Library/Caches/ExponentExperienceData/@kijiramer/applicationbtpv1/ImagePicker/EA95B7DB-A146-416A-A8D7-D830D8133CC1.jpg',
    imageApres: 'file:///var/mobile/Containers/Data/Application/392FC1A3-7297-4F9B-A744-67E269F5123C/Library/Caches/ExponentExperienceData/@kijiramer/applicationbtpv1/ImagePicker/D59A2F22-635C-427A-AE1B-F6C4C87CCCA1.jpg',
    selectedDate: 2025-09-01T16:05:13.018Z,
    userId: new ObjectId('667abba866c1d7380fa198ab'),
    createdAt: 2025-09-01T16:05:23.221Z,
    __v: 0
  }
]
Notes fetched successfully: [
  {
    _id: new ObjectId('68b5ce0d4c281b99125774a6'),
    city: 'Montfermeil',
    building: 'Batiment 104',
    task: 'Notes',
    floor: '1er',
    apartment: '1',
    company: 'Entreprise A',
    openTime: '18:47',
    closedTime: '',
    selectedDate: 2025-08-31T22:00:00.000Z,
    userId: new ObjectId('667abba866c1d7380fa198ab'),
    createdAt: 2025-09-01T16:47:09.277Z,
    __v: 0
  },
  {
    _id: new ObjectId('68b5c4350c872da1085797c5'),
    city: 'Montfermeil',
    building: 'Batiment 104',
    task: 'Notes',
    floor: '1er',
    apartment: '1',
    company: 'Entreprise B',
    openTime: '',
    closedTime: '18:05',
    selectedDate: 2025-09-01T16:05:06.837Z,
    userId: new ObjectId('667abba866c1d7380fa198ab'),
    createdAt: 2025-09-01T16:05:09.824Z,
    __v: 0
  }
]
Buildings fetched successfully: [
  {
    _id: new ObjectId('672b54aa3be897daeb1999e5'),
    name: 'Batiment 104'
  },
  { _id: new ObjectId('672b54cc3be897daeb1999e6'), name: 'Battest' },
  { _id: new ObjectId('672b54613be897daeb1999e3'), name: 'Batiment C' },
  { _id: new ObjectId('669104ed1d0220beb6023c9f'), name: 'Batiment A' },
  { _id: new ObjectId('672b54803be897daeb1999e4'), name: 'Batiment D' },
  { _id: new ObjectId('669104ed1d0220beb6023ca0'), name: 'Batiment B' }
]
Buildings fetched successfully: [
  {
    _id: new ObjectId('672b54aa3be897daeb1999e5'),
    name: 'Batiment 104'
  },
  { _id: new ObjectId('672b54cc3be897daeb1999e6'), name: 'Battest' },
  { _id: new ObjectId('672b54613be897daeb1999e3'), name: 'Batiment C' },
  { _id: new ObjectId('669104ed1d0220beb6023c9f'), name: 'Batiment A' },
  { _id: new ObjectId('672b54803be897daeb1999e4'), name: 'Batiment D' },
  { _id: new ObjectId('669104ed1d0220beb6023ca0'), name: 'Batiment B' }
]
Constatations fetched successfully: [
  {
    _id: new ObjectId('68b5c4430c872da1085797cc'),
    city: 'Montfermeil',
    building: 'Batiment 104',
    task: 'Constatation',
    company: 'Entreprise A',
    imageAvant: 'file:///var/mobile/Containers/Data/Application/392FC1A3-7297-4F9B-A744-67E269F5123C/Library/Caches/ExponentExperienceData/@kijiramer/applicationbtpv1/ImagePicker/EA95B7DB-A146-416A-A8D7-D830D8133CC1.jpg',
    imageApres: 'file:///var/mobile/Containers/Data/Application/392FC1A3-7297-4F9B-A744-67E269F5123C/Library/Caches/ExponentExperienceData/@kijiramer/applicationbtpv1/ImagePicker/D59A2F22-635C-427A-AE1B-F6C4C87CCCA1.jpg',
    selectedDate: 2025-09-01T16:05:13.018Z,
    userId: new ObjectId('667abba866c1d7380fa198ab'),
    createdAt: 2025-09-01T16:05:23.221Z,
    __v: 0
  }
]
Buildings fetched successfully: [
  {
    _id: new ObjectId('672b54aa3be897daeb1999e5'),
    name: 'Batiment 104'
  },
  { _id: new ObjectId('672b54cc3be897daeb1999e6'), name: 'Battest' },
  { _id: new ObjectId('672b54613be897daeb1999e3'), name: 'Batiment C' },
  { _id: new ObjectId('669104ed1d0220beb6023c9f'), name: 'Batiment A' },
  { _id: new ObjectId('672b54803be897daeb1999e4'), name: 'Batiment D' },
  { _id: new ObjectId('669104ed1d0220beb6023ca0'), name: 'Batiment B' }
]
Notes fetched successfully: []
Buildings fetched successfully: [
  {
    _id: new ObjectId('672b54aa3be897daeb1999e5'),
    name: 'Batiment 104'
  },
  { _id: new ObjectId('672b54cc3be897daeb1999e6'), name: 'Battest' },
  { _id: new ObjectId('672b54613be897daeb1999e3'), name: 'Batiment C' },
  { _id: new ObjectId('669104ed1d0220beb6023c9f'), name: 'Batiment A' },
  { _id: new ObjectId('672b54803be897daeb1999e4'), name: 'Batiment D' },
  { _id: new ObjectId('669104ed1d0220beb6023ca0'), name: 'Batiment B' }
]
Notes fetched successfully: []
Login attempt with email: Kijiramer@hotmail.fr
User found: null
Login attempt with email: Kijiramer@hotmail.fr
User found: null
Login attempt with email: Kijiramer@hotmail.fr
User found: null
Login attempt with email: Kijiramer@hotmail.fr
User found: null
Login attempt with email: Kijiramer@hotmail.fr
User found: null
Login attempt with email: Kijiramer@hotmail.fr
User found: null
Login attempt with email: Kijiramer@hotmail.fr
User found: null
